=============== LOG ENTRY BEGIN ===============
Thu Jun 28 2018 12:59:31 GMT-0600 (Mountain Daylight Time)
 
TERMINAL COMMANDS:
$: C:\Program Files\nodejs\node.exe,C:\Users\aoshiro\Developer\uofu0418\homework\homework-10\liri.js,twitter
 
DATA OUTPUT:
1. Tweet: Today, we broke ground on a plant that will provide jobs for up to 15,000 Wisconsin Workers! As Foxconn has discove… https://t.co/AkvrABaDNj
Created at: Thu Jun 28 18:57:22 +0000 2018 
2. Tweet: I am in Milwaukee, Wisconsin, for meetings. Soon to leave for a big groundbreaking for Foxconn, which is building a… https://t.co/d5Y3nMwa3g
Created at: Thu Jun 28 13:06:01 +0000 2018 
3. Tweet: ....persecuted on old and/or totally unrelated charges (there was no collusion and there was no obstruction of the… https://t.co/SpG2p56INu
Created at: Thu Jun 28 12:56:17 +0000 2018 
4. Tweet: When is Bob Mueller going to list his Conflicts of Interest? Why has it taken so long? Will they be listed at the t… https://t.co/RNYRkyxZFx
Created at: Thu Jun 28 12:43:25 +0000 2018 
5. Tweet: Peter Strzok worked as the leader of the Rigged Witch Hunt for a long period of time - he got it started and was on… https://t.co/HgmUjpufjL
Created at: Thu Jun 28 12:30:31 +0000 2018 
6. Tweet: Just watched @SharkGregNorman on @foxandfriends. Said “President is doing a great job. All over the world, people w… https://t.co/SBsUQf6LYp
Created at: Thu Jun 28 11:38:40 +0000 2018 
7. Tweet: Amy Kremer, Women for Trump, was so great on @foxandfriends. Brave and very smart, thank you Amy! @AmyKremer
Created at: Thu Jun 28 11:32:09 +0000 2018 
8. Tweet: Russia continues to say they had nothing to do with Meddling in our Election! Where is the DNC Server, and why didn… https://t.co/aKI3hu6wef
Created at: Thu Jun 28 11:25:15 +0000 2018 
9. Tweet: Lover FBI Agent Peter Strzok was given poor marks on yesterday’s closed door testimony and, according to most repor… https://t.co/rijMTcMPQg
Created at: Thu Jun 28 11:02:01 +0000 2018 
10. Tweet: ...home addresses – putting these selfless public servants in harm’s way. These radical protesters want ANARCHY – b… https://t.co/sqGBkGUxM2
Created at: Thu Jun 28 03:24:54 +0000 2018 
11. Tweet: In recent days we have heard shameless attacks on our courageous law enforcement officers. Extremist Democrat polit… https://t.co/bRsezeDPBR
Created at: Thu Jun 28 03:24:54 +0000 2018 
12. Tweet: Thank you North Dakota. Together, we are MAKING AMERICA SAFE AND GREAT AGAIN! #MAGA https://t.co/6Am9n6px8I
Created at: Thu Jun 28 03:03:04 +0000 2018 
13. Tweet: Just landed in North Dakota with @SenJohnHoeven and @RepKevinCramer. We will see everyone at Scheels Arena shortly! https://t.co/pakUigKB61
Created at: Wed Jun 27 23:14:58 +0000 2018 
14. Tweet: Today, it was my great honor to welcome President Marcelo Rebelo de Sousa of Portugal to the @WhiteHouse!🇺🇸🇵🇹 https://t.co/yd37K4Ei8R
Created at: Wed Jun 27 21:18:03 +0000 2018 
16. Tweet: Statement on Justice Anthony Kennedy. #SCOTUS https://t.co/8aWJ6fWemA
Created at: Wed Jun 27 19:13:34 +0000 2018 
15. Tweet: Heading to North Dakota to fully stand with and endorse Kevin Cramer for Senate. He is an extraordinary Congressman… https://t.co/qMniRSctDT
Created at: Wed Jun 27 20:28:58 +0000 2018 
17. Tweet: Today, I was thrilled to join student leaders from Colleges and Universities across the country... https://t.co/OQp3NcOeE4
Created at: Wed Jun 27 17:33:03 +0000 2018 
18. Tweet: Harley-Davidson should stay 100% in America, with the people that got you your success. I’ve done so much for you,… https://t.co/kNmruD0swh
Created at: Wed Jun 27 15:26:24 +0000 2018 
19. Tweet: Supreme Court rules in favor of non-union workers who are now, as an example, able to support a candidate of his or… https://t.co/zZlPRIgB26
Created at: Wed Jun 27 14:11:05 +0000 2018 
=============== LOG ENTRY END ===============
 
20. Tweet: HOUSE REPUBLICANS SHOULD PASS THE STRONG BUT FAIR IMMIGRATION BILL, KNOWN AS GOODLATTE II, IN THEIR AFTERNOON VOTE… https://t.co/7NPrGsNjNW
Created at: Wed Jun 27 12:39:56 +0000 2018 
